<?xml version="1.0" encoding="UTF-8"?>
<testsuite xmlns:xsi="http://www.w3.org/2001/XMLSchema-instance" xsi:noNamespaceSchemaLocation="https://maven.apache.org/surefire/maven-surefire-plugin/xsd/surefire-test-report.xsd" name="ApplicationTest" time="0.017" tests="5" errors="0" skipped="0" failures="0">
  <properties>
[...]
</properties>
  <testcase name="showOptions" classname="ApplicationTest" time="0.008"/>
  <testcase name="showReturnAllOption" classname="ApplicationTest" time="0"/>
  <testcase name="showBorrowOption" classname="ApplicationTest" time="0.001"/>
  <testcase name="showReturnABookOption" classname="ApplicationTest" time="0.001"/>
  <testcase name="showListOption" classname="ApplicationTest" time="0"/>
</testsuite>